
Showing logs for build [32mvicky-socs-environment-non-prod-b8lzx-1[0m stage [32mfrom-build-pack[0m and container [32mstep-credential-initializer-7mkgf[0m
{"level":"warn","ts":1584602079.6864123,"logger":"fallback-logger","caller":"logging/config.go:69","msg":"Fetch GitHub commit ID from kodata failed: \"ref: refs/heads/0.8.0-**-support-backwards-incompats\" is not a valid GitHub commit ID"}
{"level":"info","ts":1584602079.6868217,"logger":"fallback-logger","caller":"creds-init/main.go:40","msg":"Credentials initialized."}

Showing logs for build [32mvicky-socs-environment-non-prod-b8lzx-1[0m stage [32mfrom-build-pack[0m and container [32mstep-working-dir-initializer-wbmtt[0m
{"level":"warn","ts":1584602080.7576916,"logger":"fallback-logger","caller":"logging/config.go:69","msg":"Fetch GitHub commit ID from kodata failed: open /var/run/ko/HEAD: no such file or directory"}
{"level":"info","ts":1584602080.7629838,"logger":"fallback-logger","caller":"bash/main.go:64","msg":"Successfully executed command \"sh -c mkdir -p /workspace/source\"; output "}

Showing logs for build [32mvicky-socs-environment-non-prod-b8lzx-1[0m stage [32mfrom-build-pack[0m and container [32mstep-place-tools[0m

Showing logs for build [32mvicky-socs-environment-non-prod-b8lzx-1[0m stage [32mfrom-build-pack[0m and container [32mstep-git-source-vicky-socs-environment-non-prod-b8lzx-b6wn6[0m
{"level":"warn","ts":1584602086.9359937,"logger":"fallback-logger","caller":"logging/config.go:69","msg":"Fetch GitHub commit ID from kodata failed: \"ref: refs/heads/0.8.0-**-support-backwards-incompats\" is not a valid GitHub commit ID"}
{"level":"info","ts":1584602088.9384668,"logger":"fallback-logger","caller":"git/git.go:103","msg":"Successfully cloned https://github.com/vicky-socs/environment-non-prod-cluster-staging.git @ master in path /workspace/source"}

Showing logs for build [32mvicky-socs-environment-non-prod-b8lzx-1[0m stage [32mfrom-build-pack[0m and container [32mstep-git-merge[0m
Using SHAs from PULL_REFS=master:0126be1aed5304779f52b6d76eba4664ac384f77,13:f488c74472bcc8c0f6f3a8fcec72ec3d529c7f1e
DEBUG: LC_ALL=C JX_LOG_LEVEL=error git fetch origin --unshallow f488c74472bcc8c0f6f3a8fcec72ec3d529c7f1e: 0126be1aed5304779f52b6d76eba4664ac384f77:
DEBUG: ran git fetch --unshallow origin f488c74472bcc8c0f6f3a8fcec72ec3d529c7f1e: 0126be1aed5304779f52b6d76eba4664ac384f77: in 
DEBUG: LC_ALL=C JX_LOG_LEVEL=error git branch
DEBUG: LC_ALL=C JX_LOG_LEVEL=error git checkout master
DEBUG: ran git checkout master in 
DEBUG: LC_ALL=C JX_LOG_LEVEL=error git reset --hard 0126be1aed5304779f52b6d76eba4664ac384f77
DEBUG: ran git reset --hard 0126be1aed5304779f52b6d76eba4664ac384f77 in 
DEBUG: LC_ALL=C JX_LOG_LEVEL=error git clean -fd .
DEBUG: ran clean --force -d . in 
DEBUG: LC_ALL=C JX_LOG_LEVEL=error git merge f488c74472bcc8c0f6f3a8fcec72ec3d529c7f1e
DEBUG: ran git merge f488c74472bcc8c0f6f3a8fcec72ec3d529c7f1e in 
DEBUG: LC_ALL=C JX_LOG_LEVEL=error git log --format=%H%x1f%an%x1f%ae%x1f%cn%x1f%ce%x1f%s%n%b%x1e 0126be1aed5304779f52b6d76eba4664ac384f77..HEAD
Merged SHA f488c74472bcc8c0f6f3a8fcec72ec3d529c7f1e with commit message 'chore: Promote test-python-jenkinsx to version 0.0.13' into base branch master

Showing logs for build [32mvicky-socs-environment-non-prod-b8lzx-1[0m stage [32mfrom-build-pack[0m and container [32mstep-build-helm-build[0m
WARNING: No $CHART_REPOSITORY defined so using the default value of: http://jenkins-x-chartmuseum:8080
Adding missing Helm repo: storage.googleapis.com https://storage.googleapis.com/chartmuseum.jenkins-x.io
Successfully added Helm repository storage.googleapis.com.
Adding missing Helm repo: jenkins-x-chartmuseum http://jenkins-x-chartmuseum:8080
Successfully added Helm repository jenkins-x-chartmuseum.
WARNING: No $CHART_REPOSITORY defined so using the default value of: http://jenkins-x-chartmuseum:8080
Adding missing Helm repo: chartmuseum.jenkins-x.io http://chartmuseum.jenkins-x.io
Successfully added Helm repository chartmuseum.jenkins-x.io.
