
Showing logs for build [32mvicky-socs-environment-non-prod-5twj5-1[0m stage [32mfrom-build-pack[0m and container [32mstep-credential-initializer-5nmjs[0m
{"level":"warn","ts":1584629293.0517576,"logger":"fallback-logger","caller":"logging/config.go:69","msg":"Fetch GitHub commit ID from kodata failed: \"ref: refs/heads/0.8.0-**-support-backwards-incompats\" is not a valid GitHub commit ID"}
{"level":"info","ts":1584629293.0520914,"logger":"fallback-logger","caller":"creds-init/main.go:40","msg":"Credentials initialized."}

Showing logs for build [32mvicky-socs-environment-non-prod-5twj5-1[0m stage [32mfrom-build-pack[0m and container [32mstep-working-dir-initializer-xwhl6[0m
{"level":"warn","ts":1584629294.0690858,"logger":"fallback-logger","caller":"logging/config.go:69","msg":"Fetch GitHub commit ID from kodata failed: open /var/run/ko/HEAD: no such file or directory"}
{"level":"info","ts":1584629294.0708847,"logger":"fallback-logger","caller":"bash/main.go:64","msg":"Successfully executed command \"sh -c mkdir -p /workspace/source\"; output "}

Showing logs for build [32mvicky-socs-environment-non-prod-5twj5-1[0m stage [32mfrom-build-pack[0m and container [32mstep-place-tools[0m

Showing logs for build [32mvicky-socs-environment-non-prod-5twj5-1[0m stage [32mfrom-build-pack[0m and container [32mstep-git-source-vicky-socs-environment-non-prod-5twj5-ds9dc[0m
{"level":"warn","ts":1584629328.2668226,"logger":"fallback-logger","caller":"logging/config.go:69","msg":"Fetch GitHub commit ID from kodata failed: \"ref: refs/heads/0.8.0-**-support-backwards-incompats\" is not a valid GitHub commit ID"}
{"level":"info","ts":1584629330.442496,"logger":"fallback-logger","caller":"git/git.go:103","msg":"Successfully cloned https://github.com/vicky-socs/environment-non-prod-cluster-staging.git @ master in path /workspace/source"}

Showing logs for build [32mvicky-socs-environment-non-prod-5twj5-1[0m stage [32mfrom-build-pack[0m and container [32mstep-git-merge[0m
Using SHAs from PULL_REFS=master:9f3bc127ce9348af74cd7ed81eb63ab86644a3c3,16:efbc6ff3da2812ef48a5a5a36f801b3f4ea8e923
DEBUG: LC_ALL=C JX_LOG_LEVEL=error git fetch origin --unshallow efbc6ff3da2812ef48a5a5a36f801b3f4ea8e923: 9f3bc127ce9348af74cd7ed81eb63ab86644a3c3:
DEBUG: ran git fetch --unshallow origin efbc6ff3da2812ef48a5a5a36f801b3f4ea8e923: 9f3bc127ce9348af74cd7ed81eb63ab86644a3c3: in 
DEBUG: LC_ALL=C JX_LOG_LEVEL=error git branch
DEBUG: LC_ALL=C JX_LOG_LEVEL=error git checkout master
DEBUG: ran git checkout master in 
DEBUG: JX_LOG_LEVEL=error LC_ALL=C git reset --hard 9f3bc127ce9348af74cd7ed81eb63ab86644a3c3
DEBUG: ran git reset --hard 9f3bc127ce9348af74cd7ed81eb63ab86644a3c3 in 
DEBUG: JX_LOG_LEVEL=error LC_ALL=C git clean -fd .
DEBUG: ran clean --force -d . in 
DEBUG: LC_ALL=C JX_LOG_LEVEL=error git merge efbc6ff3da2812ef48a5a5a36f801b3f4ea8e923
DEBUG: ran git merge efbc6ff3da2812ef48a5a5a36f801b3f4ea8e923 in 
DEBUG: LC_ALL=C JX_LOG_LEVEL=error git log --format=%H%x1f%an%x1f%ae%x1f%cn%x1f%ce%x1f%s%n%b%x1e 9f3bc127ce9348af74cd7ed81eb63ab86644a3c3..HEAD
Merged SHA efbc6ff3da2812ef48a5a5a36f801b3f4ea8e923 with commit message 'chore: Promote test-python-jenkinsx to version 0.0.16' into base branch master

Showing logs for build [32mvicky-socs-environment-non-prod-5twj5-1[0m stage [32mfrom-build-pack[0m and container [32mstep-build-helm-build[0m
WARNING: No $CHART_REPOSITORY defined so using the default value of: http://jenkins-x-chartmuseum:8080
Adding missing Helm repo: storage.googleapis.com https://storage.googleapis.com/chartmuseum.jenkins-x.io
Successfully added Helm repository storage.googleapis.com.
Adding missing Helm repo: jenkins-x-chartmuseum http://jenkins-x-chartmuseum:8080
Successfully added Helm repository jenkins-x-chartmuseum.
WARNING: No $CHART_REPOSITORY defined so using the default value of: http://jenkins-x-chartmuseum:8080
Adding missing Helm repo: chartmuseum.jenkins-x.io http://chartmuseum.jenkins-x.io
Successfully added Helm repository chartmuseum.jenkins-x.io.
