
Showing logs for build [32mvicky-socs-environment-non-prod-ddph5-1[0m stage [32mfrom-build-pack[0m and container [32mstep-credential-initializer-nmlwj[0m
{"level":"warn","ts":1584612783.4522812,"logger":"fallback-logger","caller":"logging/config.go:69","msg":"Fetch GitHub commit ID from kodata failed: \"ref: refs/heads/0.8.0-**-support-backwards-incompats\" is not a valid GitHub commit ID"}
{"level":"info","ts":1584612783.4538548,"logger":"fallback-logger","caller":"creds-init/main.go:40","msg":"Credentials initialized."}

Showing logs for build [32mvicky-socs-environment-non-prod-ddph5-1[0m stage [32mfrom-build-pack[0m and container [32mstep-working-dir-initializer-sds78[0m
{"level":"warn","ts":1584612784.4762235,"logger":"fallback-logger","caller":"logging/config.go:69","msg":"Fetch GitHub commit ID from kodata failed: open /var/run/ko/HEAD: no such file or directory"}
{"level":"info","ts":1584612784.47792,"logger":"fallback-logger","caller":"bash/main.go:64","msg":"Successfully executed command \"sh -c mkdir -p /workspace/source\"; output "}

Showing logs for build [32mvicky-socs-environment-non-prod-ddph5-1[0m stage [32mfrom-build-pack[0m and container [32mstep-place-tools[0m

Showing logs for build [32mvicky-socs-environment-non-prod-ddph5-1[0m stage [32mfrom-build-pack[0m and container [32mstep-git-source-vicky-socs-environment-non-prod-ddph5-br7kf[0m
{"level":"warn","ts":1584612787.597424,"logger":"fallback-logger","caller":"logging/config.go:69","msg":"Fetch GitHub commit ID from kodata failed: \"ref: refs/heads/0.8.0-**-support-backwards-incompats\" is not a valid GitHub commit ID"}
{"level":"info","ts":1584612789.7632973,"logger":"fallback-logger","caller":"git/git.go:103","msg":"Successfully cloned https://github.com/vicky-socs/environment-non-prod-cluster-staging.git @ master in path /workspace/source"}

Showing logs for build [32mvicky-socs-environment-non-prod-ddph5-1[0m stage [32mfrom-build-pack[0m and container [32mstep-git-merge[0m
Using SHAs from PULL_REFS=master:033b77b15b4528bd6807d2caca9356bb67be2dd7,15:4e6e73955c41dbccd43aa5afc9de9df988b62907
DEBUG: LC_ALL=C JX_LOG_LEVEL=error git fetch origin --unshallow 4e6e73955c41dbccd43aa5afc9de9df988b62907: 033b77b15b4528bd6807d2caca9356bb67be2dd7:
DEBUG: ran git fetch --unshallow origin 4e6e73955c41dbccd43aa5afc9de9df988b62907: 033b77b15b4528bd6807d2caca9356bb67be2dd7: in 
DEBUG: LC_ALL=C JX_LOG_LEVEL=error git branch
DEBUG: LC_ALL=C JX_LOG_LEVEL=error git checkout master
DEBUG: ran git checkout master in 
DEBUG: LC_ALL=C JX_LOG_LEVEL=error git reset --hard 033b77b15b4528bd6807d2caca9356bb67be2dd7
DEBUG: ran git reset --hard 033b77b15b4528bd6807d2caca9356bb67be2dd7 in 
DEBUG: LC_ALL=C JX_LOG_LEVEL=error git clean -fd .
DEBUG: ran clean --force -d . in 
DEBUG: JX_LOG_LEVEL=error LC_ALL=C git merge 4e6e73955c41dbccd43aa5afc9de9df988b62907
DEBUG: ran git merge 4e6e73955c41dbccd43aa5afc9de9df988b62907 in 
DEBUG: LC_ALL=C JX_LOG_LEVEL=error git log --format=%H%x1f%an%x1f%ae%x1f%cn%x1f%ce%x1f%s%n%b%x1e 033b77b15b4528bd6807d2caca9356bb67be2dd7..HEAD
Merged SHA 4e6e73955c41dbccd43aa5afc9de9df988b62907 with commit message 'chore: Promote test-python-jenkinsx to version 0.0.15' into base branch master

Showing logs for build [32mvicky-socs-environment-non-prod-ddph5-1[0m stage [32mfrom-build-pack[0m and container [32mstep-build-helm-build[0m
WARNING: No $CHART_REPOSITORY defined so using the default value of: http://jenkins-x-chartmuseum:8080
Adding missing Helm repo: storage.googleapis.com https://storage.googleapis.com/chartmuseum.jenkins-x.io
Successfully added Helm repository storage.googleapis.com.
Adding missing Helm repo: jenkins-x-chartmuseum http://jenkins-x-chartmuseum:8080
Successfully added Helm repository jenkins-x-chartmuseum.
WARNING: No $CHART_REPOSITORY defined so using the default value of: http://jenkins-x-chartmuseum:8080
Adding missing Helm repo: chartmuseum.jenkins-x.io http://chartmuseum.jenkins-x.io
Successfully added Helm repository chartmuseum.jenkins-x.io.
