
Showing logs for build [32mvicky-socs-environment-non-prod-87jtm-2[0m stage [32mfrom-build-pack[0m and container [32mstep-credential-initializer-786hn[0m
{"level":"warn","ts":1584612875.6019115,"logger":"fallback-logger","caller":"logging/config.go:69","msg":"Fetch GitHub commit ID from kodata failed: \"ref: refs/heads/0.8.0-**-support-backwards-incompats\" is not a valid GitHub commit ID"}
{"level":"info","ts":1584612875.6023502,"logger":"fallback-logger","caller":"creds-init/main.go:40","msg":"Credentials initialized."}

Showing logs for build [32mvicky-socs-environment-non-prod-87jtm-2[0m stage [32mfrom-build-pack[0m and container [32mstep-working-dir-initializer-whrsd[0m
{"level":"warn","ts":1584612876.58221,"logger":"fallback-logger","caller":"logging/config.go:69","msg":"Fetch GitHub commit ID from kodata failed: open /var/run/ko/HEAD: no such file or directory"}
{"level":"info","ts":1584612876.5850675,"logger":"fallback-logger","caller":"bash/main.go:64","msg":"Successfully executed command \"sh -c mkdir -p /workspace/source\"; output "}

Showing logs for build [32mvicky-socs-environment-non-prod-87jtm-2[0m stage [32mfrom-build-pack[0m and container [32mstep-place-tools[0m

Showing logs for build [32mvicky-socs-environment-non-prod-87jtm-2[0m stage [32mfrom-build-pack[0m and container [32mstep-git-source-vicky-socs-environment-non-prod-87jtm-q6mlr[0m
{"level":"warn","ts":1584612882.7469397,"logger":"fallback-logger","caller":"logging/config.go:69","msg":"Fetch GitHub commit ID from kodata failed: \"ref: refs/heads/0.8.0-**-support-backwards-incompats\" is not a valid GitHub commit ID"}
{"level":"info","ts":1584612884.9053578,"logger":"fallback-logger","caller":"git/git.go:103","msg":"Successfully cloned https://github.com/vicky-socs/environment-non-prod-cluster-staging.git @ master in path /workspace/source"}

Showing logs for build [32mvicky-socs-environment-non-prod-87jtm-2[0m stage [32mfrom-build-pack[0m and container [32mstep-git-merge[0m
Using SHAs from PULL_REFS=master:1bd0beb96dc438bcea99ed29167dba9af0aa381c,15:4e6e73955c41dbccd43aa5afc9de9df988b62907
DEBUG: JX_LOG_LEVEL=error LC_ALL=C git fetch origin --unshallow 4e6e73955c41dbccd43aa5afc9de9df988b62907: 1bd0beb96dc438bcea99ed29167dba9af0aa381c:
DEBUG: ran git fetch --unshallow origin 4e6e73955c41dbccd43aa5afc9de9df988b62907: 1bd0beb96dc438bcea99ed29167dba9af0aa381c: in 
DEBUG: LC_ALL=C JX_LOG_LEVEL=error git branch
DEBUG: LC_ALL=C JX_LOG_LEVEL=error git checkout master
DEBUG: ran git checkout master in 
DEBUG: LC_ALL=C JX_LOG_LEVEL=error git reset --hard 1bd0beb96dc438bcea99ed29167dba9af0aa381c
DEBUG: ran git reset --hard 1bd0beb96dc438bcea99ed29167dba9af0aa381c in 
DEBUG: LC_ALL=C JX_LOG_LEVEL=error git clean -fd .
DEBUG: ran clean --force -d . in 
DEBUG: LC_ALL=C JX_LOG_LEVEL=error git merge 4e6e73955c41dbccd43aa5afc9de9df988b62907
DEBUG: ran git merge 4e6e73955c41dbccd43aa5afc9de9df988b62907 in 
DEBUG: LC_ALL=C JX_LOG_LEVEL=error git log --format=%H%x1f%an%x1f%ae%x1f%cn%x1f%ce%x1f%s%n%b%x1e 1bd0beb96dc438bcea99ed29167dba9af0aa381c..HEAD

Showing logs for build [32mvicky-socs-environment-non-prod-87jtm-2[0m stage [32mfrom-build-pack[0m and container [32mstep-build-helm-build[0m
WARNING: No $CHART_REPOSITORY defined so using the default value of: http://jenkins-x-chartmuseum:8080
Adding missing Helm repo: storage.googleapis.com https://storage.googleapis.com/chartmuseum.jenkins-x.io
Successfully added Helm repository storage.googleapis.com.
Adding missing Helm repo: jenkins-x-chartmuseum http://jenkins-x-chartmuseum:8080
Successfully added Helm repository jenkins-x-chartmuseum.
WARNING: No $CHART_REPOSITORY defined so using the default value of: http://jenkins-x-chartmuseum:8080
Adding missing Helm repo: chartmuseum.jenkins-x.io http://chartmuseum.jenkins-x.io
Successfully added Helm repository chartmuseum.jenkins-x.io.
