
Showing logs for build [32mvicky-socs-environment-non-prod-g47d6-1[0m stage [32mfrom-build-pack[0m and container [32mstep-credential-initializer-qvqht[0m
{"level":"warn","ts":1584536200.3740096,"logger":"fallback-logger","caller":"logging/config.go:69","msg":"Fetch GitHub commit ID from kodata failed: \"ref: refs/heads/0.8.0-**-support-backwards-incompats\" is not a valid GitHub commit ID"}
{"level":"info","ts":1584536200.37447,"logger":"fallback-logger","caller":"creds-init/main.go:40","msg":"Credentials initialized."}

Showing logs for build [32mvicky-socs-environment-non-prod-g47d6-1[0m stage [32mfrom-build-pack[0m and container [32mstep-working-dir-initializer-gpq7b[0m
{"level":"warn","ts":1584536201.3613205,"logger":"fallback-logger","caller":"logging/config.go:69","msg":"Fetch GitHub commit ID from kodata failed: open /var/run/ko/HEAD: no such file or directory"}
{"level":"info","ts":1584536201.364889,"logger":"fallback-logger","caller":"bash/main.go:64","msg":"Successfully executed command \"sh -c mkdir -p /workspace/source\"; output "}

Showing logs for build [32mvicky-socs-environment-non-prod-g47d6-1[0m stage [32mfrom-build-pack[0m and container [32mstep-place-tools[0m

Showing logs for build [32mvicky-socs-environment-non-prod-g47d6-1[0m stage [32mfrom-build-pack[0m and container [32mstep-git-source-vicky-socs-environment-non-prod-g47d6-75zb4[0m
{"level":"warn","ts":1584536206.5300221,"logger":"fallback-logger","caller":"logging/config.go:69","msg":"Fetch GitHub commit ID from kodata failed: \"ref: refs/heads/0.8.0-**-support-backwards-incompats\" is not a valid GitHub commit ID"}
{"level":"info","ts":1584536208.4062216,"logger":"fallback-logger","caller":"git/git.go:103","msg":"Successfully cloned https://github.com/vicky-socs/environment-non-prod-cluster-staging.git @ master in path /workspace/source"}

Showing logs for build [32mvicky-socs-environment-non-prod-g47d6-1[0m stage [32mfrom-build-pack[0m and container [32mstep-git-merge[0m
Using SHAs from PULL_REFS=master:3ddc0ec71c9887a5edebe44455e3399b0e96d285,9:280d6b4d5b5c8b3804ea100e34702e26d22be871
DEBUG: LC_ALL=C JX_LOG_LEVEL=error git fetch origin --unshallow 280d6b4d5b5c8b3804ea100e34702e26d22be871: 3ddc0ec71c9887a5edebe44455e3399b0e96d285:
DEBUG: ran git fetch --unshallow origin 280d6b4d5b5c8b3804ea100e34702e26d22be871: 3ddc0ec71c9887a5edebe44455e3399b0e96d285: in 
DEBUG: LC_ALL=C JX_LOG_LEVEL=error git branch
DEBUG: LC_ALL=C JX_LOG_LEVEL=error git checkout master
DEBUG: ran git checkout master in 
DEBUG: LC_ALL=C JX_LOG_LEVEL=error git reset --hard 3ddc0ec71c9887a5edebe44455e3399b0e96d285
DEBUG: ran git reset --hard 3ddc0ec71c9887a5edebe44455e3399b0e96d285 in 
DEBUG: LC_ALL=C JX_LOG_LEVEL=error git clean -fd .
DEBUG: ran clean --force -d . in 
DEBUG: LC_ALL=C JX_LOG_LEVEL=error git merge 280d6b4d5b5c8b3804ea100e34702e26d22be871
DEBUG: ran git merge 280d6b4d5b5c8b3804ea100e34702e26d22be871 in 
DEBUG: LC_ALL=C JX_LOG_LEVEL=error git log --format=%H%x1f%an%x1f%ae%x1f%cn%x1f%ce%x1f%s%n%b%x1e 3ddc0ec71c9887a5edebe44455e3399b0e96d285..HEAD
Merged SHA 280d6b4d5b5c8b3804ea100e34702e26d22be871 with commit message 'chore: Promote test-python-jenkinsx to version 0.0.9' into base branch master

Showing logs for build [32mvicky-socs-environment-non-prod-g47d6-1[0m stage [32mfrom-build-pack[0m and container [32mstep-build-helm-build[0m
WARNING: No $CHART_REPOSITORY defined so using the default value of: http://jenkins-x-chartmuseum:8080
Adding missing Helm repo: storage.googleapis.com https://storage.googleapis.com/chartmuseum.jenkins-x.io
Successfully added Helm repository storage.googleapis.com.
Adding missing Helm repo: jenkins-x-chartmuseum http://jenkins-x-chartmuseum:8080
Successfully added Helm repository jenkins-x-chartmuseum.
WARNING: No $CHART_REPOSITORY defined so using the default value of: http://jenkins-x-chartmuseum:8080
Adding missing Helm repo: chartmuseum.jenkins-x.io http://chartmuseum.jenkins-x.io
Successfully added Helm repository chartmuseum.jenkins-x.io.
