
Showing logs for build [32mvicky-socs-environment-non-prod-qxttn-1[0m stage [32mfrom-build-pack[0m and container [32mstep-credential-initializer-6m98p[0m
{"level":"warn","ts":1584530558.243306,"logger":"fallback-logger","caller":"logging/config.go:69","msg":"Fetch GitHub commit ID from kodata failed: \"ref: refs/heads/0.8.0-**-support-backwards-incompats\" is not a valid GitHub commit ID"}
{"level":"info","ts":1584530558.2440362,"logger":"fallback-logger","caller":"creds-init/main.go:40","msg":"Credentials initialized."}

Showing logs for build [32mvicky-socs-environment-non-prod-qxttn-1[0m stage [32mfrom-build-pack[0m and container [32mstep-working-dir-initializer-97kq7[0m
{"level":"warn","ts":1584530559.2628217,"logger":"fallback-logger","caller":"logging/config.go:69","msg":"Fetch GitHub commit ID from kodata failed: open /var/run/ko/HEAD: no such file or directory"}
{"level":"info","ts":1584530559.2638824,"logger":"fallback-logger","caller":"bash/main.go:64","msg":"Successfully executed command \"sh -c mkdir -p /workspace/source\"; output "}

Showing logs for build [32mvicky-socs-environment-non-prod-qxttn-1[0m stage [32mfrom-build-pack[0m and container [32mstep-place-tools[0m

Showing logs for build [32mvicky-socs-environment-non-prod-qxttn-1[0m stage [32mfrom-build-pack[0m and container [32mstep-git-source-vicky-socs-environment-non-prod-qxttn-727qx[0m
{"level":"warn","ts":1584530563.3958168,"logger":"fallback-logger","caller":"logging/config.go:69","msg":"Fetch GitHub commit ID from kodata failed: \"ref: refs/heads/0.8.0-**-support-backwards-incompats\" is not a valid GitHub commit ID"}
{"level":"info","ts":1584530565.3607762,"logger":"fallback-logger","caller":"git/git.go:103","msg":"Successfully cloned https://github.com/vicky-socs/environment-non-prod-cluster-staging.git @ master in path /workspace/source"}

Showing logs for build [32mvicky-socs-environment-non-prod-qxttn-1[0m stage [32mfrom-build-pack[0m and container [32mstep-git-merge[0m
Using SHAs from PULL_REFS=master:a8a50963fc75308a3aa0857c42103c4d91991349,2:e6325cf46d3b935aaf28ff0b43f509decb4dec4b
DEBUG: LC_ALL=C JX_LOG_LEVEL=error git fetch origin --unshallow e6325cf46d3b935aaf28ff0b43f509decb4dec4b: a8a50963fc75308a3aa0857c42103c4d91991349:
DEBUG: ran git fetch --unshallow origin e6325cf46d3b935aaf28ff0b43f509decb4dec4b: a8a50963fc75308a3aa0857c42103c4d91991349: in 
DEBUG: LC_ALL=C JX_LOG_LEVEL=error git branch
DEBUG: JX_LOG_LEVEL=error LC_ALL=C git checkout master
DEBUG: ran git checkout master in 
DEBUG: LC_ALL=C JX_LOG_LEVEL=error git reset --hard a8a50963fc75308a3aa0857c42103c4d91991349
DEBUG: ran git reset --hard a8a50963fc75308a3aa0857c42103c4d91991349 in 
DEBUG: JX_LOG_LEVEL=error LC_ALL=C git clean -fd .
DEBUG: ran clean --force -d . in 
DEBUG: LC_ALL=C JX_LOG_LEVEL=error git merge e6325cf46d3b935aaf28ff0b43f509decb4dec4b
DEBUG: ran git merge e6325cf46d3b935aaf28ff0b43f509decb4dec4b in 
DEBUG: LC_ALL=C JX_LOG_LEVEL=error git log --format=%H%x1f%an%x1f%ae%x1f%cn%x1f%ce%x1f%s%n%b%x1e a8a50963fc75308a3aa0857c42103c4d91991349..HEAD
Merged SHA e6325cf46d3b935aaf28ff0b43f509decb4dec4b with commit message 'chore: Promote test-python-jenkinsx to version 0.0.2' into base branch master

Showing logs for build [32mvicky-socs-environment-non-prod-qxttn-1[0m stage [32mfrom-build-pack[0m and container [32mstep-build-helm-build[0m
WARNING: No $CHART_REPOSITORY defined so using the default value of: http://jenkins-x-chartmuseum:8080
Adding missing Helm repo: storage.googleapis.com https://storage.googleapis.com/chartmuseum.jenkins-x.io
Successfully added Helm repository storage.googleapis.com.
Adding missing Helm repo: jenkins-x-chartmuseum http://jenkins-x-chartmuseum:8080
Successfully added Helm repository jenkins-x-chartmuseum.
WARNING: No $CHART_REPOSITORY defined so using the default value of: http://jenkins-x-chartmuseum:8080
Adding missing Helm repo: chartmuseum.jenkins-x.io http://chartmuseum.jenkins-x.io
Successfully added Helm repository chartmuseum.jenkins-x.io.
