
Showing logs for build [32mmeta-vicky-socs-environment-non-sfhjs-14[0m stage [32mmeta-pipeline[0m and container [32mstep-credential-initializer-j697b[0m
{"level":"warn","ts":1584602170.1739595,"logger":"fallback-logger","caller":"logging/config.go:69","msg":"Fetch GitHub commit ID from kodata failed: \"ref: refs/heads/0.8.0-**-support-backwards-incompats\" is not a valid GitHub commit ID"}
{"level":"info","ts":1584602170.174788,"logger":"fallback-logger","caller":"creds-init/main.go:40","msg":"Credentials initialized."}

Showing logs for build [32mmeta-vicky-socs-environment-non-sfhjs-14[0m stage [32mmeta-pipeline[0m and container [32mstep-working-dir-initializer-7t55s[0m
{"level":"warn","ts":1584602170.7225926,"logger":"fallback-logger","caller":"logging/config.go:69","msg":"Fetch GitHub commit ID from kodata failed: open /var/run/ko/HEAD: no such file or directory"}
{"level":"info","ts":1584602170.7309973,"logger":"fallback-logger","caller":"bash/main.go:64","msg":"Successfully executed command \"sh -c mkdir -p /workspace/source\"; output "}

Showing logs for build [32mmeta-vicky-socs-environment-non-sfhjs-14[0m stage [32mmeta-pipeline[0m and container [32mstep-place-tools[0m

Showing logs for build [32mmeta-vicky-socs-environment-non-sfhjs-14[0m stage [32mmeta-pipeline[0m and container [32mstep-git-source-meta-vicky-socs-environment-non-sfhjs-n9jgc[0m
{"level":"warn","ts":1584602175.9262595,"logger":"fallback-logger","caller":"logging/config.go:69","msg":"Fetch GitHub commit ID from kodata failed: \"ref: refs/heads/0.8.0-**-support-backwards-incompats\" is not a valid GitHub commit ID"}
{"level":"info","ts":1584602177.9512389,"logger":"fallback-logger","caller":"git/git.go:103","msg":"Successfully cloned https://github.com/vicky-socs/environment-non-prod-cluster-staging.git @ 2f0b8a5721d595e4860fc63409ea5ce1a9ebd48c in path /workspace/source"}

Showing logs for build [32mmeta-vicky-socs-environment-non-sfhjs-14[0m stage [32mmeta-pipeline[0m and container [32mstep-git-merge[0m
Using SHAs from PULL_REFS=master:2f0b8a5721d595e4860fc63409ea5ce1a9ebd48c
WARNING: no SHAs to merge, falling back to initial cloned commit

Showing logs for build [32mmeta-vicky-socs-environment-non-sfhjs-14[0m stage [32mmeta-pipeline[0m and container [32mstep-merge-pull-refs[0m
SKIP merge-pull-refs: Nothing to merge

Showing logs for build [32mmeta-vicky-socs-environment-non-sfhjs-14[0m stage [32mmeta-pipeline[0m and container [32mstep-create-effective-pipeline[0m
selected pack: /builder/home/.**/draft/packs/github.com/jenkins-x-buildpacks/jenkins-x-kubernetes/packs/environment
Effective pipeline written to jenkins-x-promotion-effective.yml

Showing logs for build [32mmeta-vicky-socs-environment-non-sfhjs-14[0m stage [32mmeta-pipeline[0m and container [32mstep-create-tekton-crds[0m
running command: ** step next-version --use-git-tag-only --tag
created new version: 0.0.13 and written to file: ./VERSION
error: Have you set up a git credential helper? See https://help.github.com/articles/caching-your-github-password-in-git/
: git output: To https://github.com/vicky-socs/environment-non-prod-cluster-staging.git
 ! [remote rejected] v0.0.13 -> v0.0.13 (cannot lock ref 'refs/tags/v0.0.13': reference already exists)
error: failed to push some refs to 'https://github.com/vicky-socs/environment-non-prod-cluster-staging.git': failed to run 'git push origin v0.0.13' command in directory '', output: 'To https://github.com/vicky-socs/environment-non-prod-cluster-staging.git
 ! [remote rejected] v0.0.13 -> v0.0.13 (cannot lock ref 'refs/tags/v0.0.13': reference already exists)
error: failed to push some refs to 'https://github.com/vicky-socs/environment-non-prod-cluster-staging.git''
error: failed to set the version on release pipelines: failed to run '/bin/sh -c ** step next-version --use-git-tag-only --tag' command in directory '/workspace/source', output: ''
[31m
Pipeline failed on stage 'meta-pipeline' : container 'step-create-tekton-crds'. The execution of the pipeline has stopped.[0m
