
Showing logs for build [32mvicky-socs-environment-non-prod-zn8zb-9[0m stage [32mfrom-build-pack[0m and container [32mstep-credential-initializer-5jg8s[0m
{"level":"warn","ts":1584536264.4136546,"logger":"fallback-logger","caller":"logging/config.go:69","msg":"Fetch GitHub commit ID from kodata failed: \"ref: refs/heads/0.8.0-**-support-backwards-incompats\" is not a valid GitHub commit ID"}
{"level":"info","ts":1584536264.414002,"logger":"fallback-logger","caller":"creds-init/main.go:40","msg":"Credentials initialized."}

Showing logs for build [32mvicky-socs-environment-non-prod-zn8zb-9[0m stage [32mfrom-build-pack[0m and container [32mstep-working-dir-initializer-r7fxz[0m
{"level":"warn","ts":1584536265.7938116,"logger":"fallback-logger","caller":"logging/config.go:69","msg":"Fetch GitHub commit ID from kodata failed: open /var/run/ko/HEAD: no such file or directory"}
{"level":"info","ts":1584536265.7990477,"logger":"fallback-logger","caller":"bash/main.go:64","msg":"Successfully executed command \"sh -c mkdir -p /workspace/source\"; output "}

Showing logs for build [32mvicky-socs-environment-non-prod-zn8zb-9[0m stage [32mfrom-build-pack[0m and container [32mstep-place-tools[0m

Showing logs for build [32mvicky-socs-environment-non-prod-zn8zb-9[0m stage [32mfrom-build-pack[0m and container [32mstep-git-source-vicky-socs-environment-non-prod-zn8zb-q9n2c[0m
{"level":"warn","ts":1584536272.2795947,"logger":"fallback-logger","caller":"logging/config.go:69","msg":"Fetch GitHub commit ID from kodata failed: \"ref: refs/heads/0.8.0-**-support-backwards-incompats\" is not a valid GitHub commit ID"}
{"level":"info","ts":1584536274.124803,"logger":"fallback-logger","caller":"git/git.go:103","msg":"Successfully cloned https://github.com/vicky-socs/environment-non-prod-cluster-staging.git @ v0.0.9 in path /workspace/source"}

Showing logs for build [32mvicky-socs-environment-non-prod-zn8zb-9[0m stage [32mfrom-build-pack[0m and container [32mstep-git-merge[0m
Using SHAs from PULL_REFS=master:c362281aaf00e83ddf0e7bbb61fbb6a3b9c1b708
WARNING: no SHAs to merge, falling back to initial cloned commit

Showing logs for build [32mvicky-socs-environment-non-prod-zn8zb-9[0m stage [32mfrom-build-pack[0m and container [32mstep-setup-jx-git-credentials[0m
Generated Git credentials file /builder/home/git/credentials

Showing logs for build [32mvicky-socs-environment-non-prod-zn8zb-9[0m stage [32mfrom-build-pack[0m and container [32mstep-build-helm-apply[0m
Modified file /workspace/source/env/Chart.yaml to set the chart to version 9
Ignoring templates/.gitignore
Ignoring templates/wildcardcert-secret.yaml
WARNING: No $CHART_REPOSITORY defined so using the default value of: http://jenkins-x-chartmuseum:8080
Adding missing Helm repo: storage.googleapis.com https://storage.googleapis.com/chartmuseum.jenkins-x.io
Successfully added Helm repository storage.googleapis.com.
Adding missing Helm repo: jenkins-x-chartmuseum http://jenkins-x-chartmuseum:8080
Successfully added Helm repository jenkins-x-chartmuseum.
WARNING: No $CHART_REPOSITORY defined so using the default value of: http://jenkins-x-chartmuseum:8080
Adding missing Helm repo: chartmuseum.jenkins-x.io http://chartmuseum.jenkins-x.io
Successfully added Helm repository chartmuseum.jenkins-x.io.

release.jenkins.io "test-python-jenkinsx-0.0.7" deleted
