
Showing logs for build [32mvicky-socs-environment-non-prod-g4kg9-1[0m stage [32mfrom-build-pack[0m and container [32mstep-credential-initializer-gkqbz[0m
{"level":"warn","ts":1584534693.7541854,"logger":"fallback-logger","caller":"logging/config.go:69","msg":"Fetch GitHub commit ID from kodata failed: \"ref: refs/heads/0.8.0-**-support-backwards-incompats\" is not a valid GitHub commit ID"}
{"level":"info","ts":1584534693.7545242,"logger":"fallback-logger","caller":"creds-init/main.go:40","msg":"Credentials initialized."}

Showing logs for build [32mvicky-socs-environment-non-prod-g4kg9-1[0m stage [32mfrom-build-pack[0m and container [32mstep-working-dir-initializer-xz4gp[0m
{"level":"warn","ts":1584534695.820527,"logger":"fallback-logger","caller":"logging/config.go:69","msg":"Fetch GitHub commit ID from kodata failed: open /var/run/ko/HEAD: no such file or directory"}
{"level":"info","ts":1584534695.8221996,"logger":"fallback-logger","caller":"bash/main.go:64","msg":"Successfully executed command \"sh -c mkdir -p /workspace/source\"; output "}

Showing logs for build [32mvicky-socs-environment-non-prod-g4kg9-1[0m stage [32mfrom-build-pack[0m and container [32mstep-place-tools[0m

Showing logs for build [32mvicky-socs-environment-non-prod-g4kg9-1[0m stage [32mfrom-build-pack[0m and container [32mstep-git-source-vicky-socs-environment-non-prod-g4kg9-qczpx[0m
{"level":"warn","ts":1584534711.3619978,"logger":"fallback-logger","caller":"logging/config.go:69","msg":"Fetch GitHub commit ID from kodata failed: \"ref: refs/heads/0.8.0-**-support-backwards-incompats\" is not a valid GitHub commit ID"}
{"level":"info","ts":1584534713.3908212,"logger":"fallback-logger","caller":"git/git.go:103","msg":"Successfully cloned https://github.com/vicky-socs/environment-non-prod-cluster-staging.git @ master in path /workspace/source"}

Showing logs for build [32mvicky-socs-environment-non-prod-g4kg9-1[0m stage [32mfrom-build-pack[0m and container [32mstep-git-merge[0m
Using SHAs from PULL_REFS=master:9d5d2098bdfa5c29412c42fd5974c60d3f1ccc29,4:4c4400ccfd0abbea1c9f53fd415fadd1212fcfaf
DEBUG: JX_LOG_LEVEL=error LC_ALL=C git fetch origin --unshallow 4c4400ccfd0abbea1c9f53fd415fadd1212fcfaf: 9d5d2098bdfa5c29412c42fd5974c60d3f1ccc29:
DEBUG: ran git fetch --unshallow origin 4c4400ccfd0abbea1c9f53fd415fadd1212fcfaf: 9d5d2098bdfa5c29412c42fd5974c60d3f1ccc29: in 
DEBUG: LC_ALL=C JX_LOG_LEVEL=error git branch
DEBUG: LC_ALL=C JX_LOG_LEVEL=error git checkout master
DEBUG: ran git checkout master in 
DEBUG: LC_ALL=C JX_LOG_LEVEL=error git reset --hard 9d5d2098bdfa5c29412c42fd5974c60d3f1ccc29
DEBUG: ran git reset --hard 9d5d2098bdfa5c29412c42fd5974c60d3f1ccc29 in 
DEBUG: LC_ALL=C JX_LOG_LEVEL=error git clean -fd .
DEBUG: ran clean --force -d . in 
DEBUG: JX_LOG_LEVEL=error LC_ALL=C git merge 4c4400ccfd0abbea1c9f53fd415fadd1212fcfaf
DEBUG: ran git merge 4c4400ccfd0abbea1c9f53fd415fadd1212fcfaf in 
DEBUG: LC_ALL=C JX_LOG_LEVEL=error git log --format=%H%x1f%an%x1f%ae%x1f%cn%x1f%ce%x1f%s%n%b%x1e 9d5d2098bdfa5c29412c42fd5974c60d3f1ccc29..HEAD
Merged SHA 4c4400ccfd0abbea1c9f53fd415fadd1212fcfaf with commit message 'chore: Promote test-python-jenkinsx to version 0.0.5' into base branch master

Showing logs for build [32mvicky-socs-environment-non-prod-g4kg9-1[0m stage [32mfrom-build-pack[0m and container [32mstep-build-helm-build[0m
WARNING: No $CHART_REPOSITORY defined so using the default value of: http://jenkins-x-chartmuseum:8080
Adding missing Helm repo: storage.googleapis.com https://storage.googleapis.com/chartmuseum.jenkins-x.io
Successfully added Helm repository storage.googleapis.com.
Adding missing Helm repo: jenkins-x-chartmuseum http://jenkins-x-chartmuseum:8080
Successfully added Helm repository jenkins-x-chartmuseum.
WARNING: No $CHART_REPOSITORY defined so using the default value of: http://jenkins-x-chartmuseum:8080
Adding missing Helm repo: chartmuseum.jenkins-x.io http://chartmuseum.jenkins-x.io
Successfully added Helm repository chartmuseum.jenkins-x.io.
