
Showing logs for build [32mvicky-socs-environment-non-prod-sjsrx-1[0m stage [32mfrom-build-pack[0m and container [32mstep-credential-initializer-g8tgd[0m
{"level":"warn","ts":1584531022.0028927,"logger":"fallback-logger","caller":"logging/config.go:69","msg":"Fetch GitHub commit ID from kodata failed: \"ref: refs/heads/0.8.0-**-support-backwards-incompats\" is not a valid GitHub commit ID"}
{"level":"info","ts":1584531022.0031705,"logger":"fallback-logger","caller":"creds-init/main.go:40","msg":"Credentials initialized."}

Showing logs for build [32mvicky-socs-environment-non-prod-sjsrx-1[0m stage [32mfrom-build-pack[0m and container [32mstep-working-dir-initializer-62tqs[0m
{"level":"warn","ts":1584531023.0187256,"logger":"fallback-logger","caller":"logging/config.go:69","msg":"Fetch GitHub commit ID from kodata failed: open /var/run/ko/HEAD: no such file or directory"}
{"level":"info","ts":1584531023.02385,"logger":"fallback-logger","caller":"bash/main.go:64","msg":"Successfully executed command \"sh -c mkdir -p /workspace/source\"; output "}

Showing logs for build [32mvicky-socs-environment-non-prod-sjsrx-1[0m stage [32mfrom-build-pack[0m and container [32mstep-place-tools[0m

Showing logs for build [32mvicky-socs-environment-non-prod-sjsrx-1[0m stage [32mfrom-build-pack[0m and container [32mstep-git-source-vicky-socs-environment-non-prod-sjsrx-t2s5f[0m
{"level":"warn","ts":1584531026.3173862,"logger":"fallback-logger","caller":"logging/config.go:69","msg":"Fetch GitHub commit ID from kodata failed: \"ref: refs/heads/0.8.0-**-support-backwards-incompats\" is not a valid GitHub commit ID"}
{"level":"info","ts":1584531028.3448474,"logger":"fallback-logger","caller":"git/git.go:103","msg":"Successfully cloned https://github.com/vicky-socs/environment-non-prod-cluster-staging.git @ master in path /workspace/source"}

Showing logs for build [32mvicky-socs-environment-non-prod-sjsrx-1[0m stage [32mfrom-build-pack[0m and container [32mstep-git-merge[0m
Using SHAs from PULL_REFS=master:88b42cbff51bdea7a9274c00060d78c15ec21bb6,3:6df8a074c2509e0fad09ec0a3b668adaf4d13f7f
DEBUG: LC_ALL=C JX_LOG_LEVEL=error git fetch origin --unshallow 6df8a074c2509e0fad09ec0a3b668adaf4d13f7f: 88b42cbff51bdea7a9274c00060d78c15ec21bb6:
DEBUG: ran git fetch --unshallow origin 6df8a074c2509e0fad09ec0a3b668adaf4d13f7f: 88b42cbff51bdea7a9274c00060d78c15ec21bb6: in 
DEBUG: LC_ALL=C JX_LOG_LEVEL=error git branch
DEBUG: LC_ALL=C JX_LOG_LEVEL=error git checkout master
DEBUG: ran git checkout master in 
DEBUG: LC_ALL=C JX_LOG_LEVEL=error git reset --hard 88b42cbff51bdea7a9274c00060d78c15ec21bb6
DEBUG: ran git reset --hard 88b42cbff51bdea7a9274c00060d78c15ec21bb6 in 
DEBUG: LC_ALL=C JX_LOG_LEVEL=error git clean -fd .
DEBUG: ran clean --force -d . in 
DEBUG: LC_ALL=C JX_LOG_LEVEL=error git merge 6df8a074c2509e0fad09ec0a3b668adaf4d13f7f
DEBUG: ran git merge 6df8a074c2509e0fad09ec0a3b668adaf4d13f7f in 
DEBUG: LC_ALL=C JX_LOG_LEVEL=error git log --format=%H%x1f%an%x1f%ae%x1f%cn%x1f%ce%x1f%s%n%b%x1e 88b42cbff51bdea7a9274c00060d78c15ec21bb6..HEAD
Merged SHA 6df8a074c2509e0fad09ec0a3b668adaf4d13f7f with commit message 'chore: Promote test-python-jenkinsx to version 0.0.3' into base branch master

Showing logs for build [32mvicky-socs-environment-non-prod-sjsrx-1[0m stage [32mfrom-build-pack[0m and container [32mstep-build-helm-build[0m
WARNING: No $CHART_REPOSITORY defined so using the default value of: http://jenkins-x-chartmuseum:8080
Adding missing Helm repo: storage.googleapis.com https://storage.googleapis.com/chartmuseum.jenkins-x.io
Successfully added Helm repository storage.googleapis.com.
Adding missing Helm repo: jenkins-x-chartmuseum http://jenkins-x-chartmuseum:8080
Successfully added Helm repository jenkins-x-chartmuseum.
WARNING: No $CHART_REPOSITORY defined so using the default value of: http://jenkins-x-chartmuseum:8080
Adding missing Helm repo: chartmuseum.jenkins-x.io http://chartmuseum.jenkins-x.io
Successfully added Helm repository chartmuseum.jenkins-x.io.
