
Showing logs for build [32mvicky-socs-environment-non-prod-49qx6-1[0m stage [32mfrom-build-pack[0m and container [32mstep-credential-initializer-fxppn[0m
{"level":"warn","ts":1584529731.7424197,"logger":"fallback-logger","caller":"logging/config.go:69","msg":"Fetch GitHub commit ID from kodata failed: \"ref: refs/heads/0.8.0-**-support-backwards-incompats\" is not a valid GitHub commit ID"}
{"level":"info","ts":1584529731.7460828,"logger":"fallback-logger","caller":"creds-init/main.go:40","msg":"Credentials initialized."}

Showing logs for build [32mvicky-socs-environment-non-prod-49qx6-1[0m stage [32mfrom-build-pack[0m and container [32mstep-working-dir-initializer-sgvd2[0m
{"level":"warn","ts":1584529732.2983356,"logger":"fallback-logger","caller":"logging/config.go:69","msg":"Fetch GitHub commit ID from kodata failed: open /var/run/ko/HEAD: no such file or directory"}
{"level":"info","ts":1584529732.304921,"logger":"fallback-logger","caller":"bash/main.go:64","msg":"Successfully executed command \"sh -c mkdir -p /workspace/source\"; output "}

Showing logs for build [32mvicky-socs-environment-non-prod-49qx6-1[0m stage [32mfrom-build-pack[0m and container [32mstep-place-tools[0m

Showing logs for build [32mvicky-socs-environment-non-prod-49qx6-1[0m stage [32mfrom-build-pack[0m and container [32mstep-git-source-vicky-socs-environment-non-prod-49qx6-tr55z[0m
{"level":"warn","ts":1584529754.3661025,"logger":"fallback-logger","caller":"logging/config.go:69","msg":"Fetch GitHub commit ID from kodata failed: \"ref: refs/heads/0.8.0-**-support-backwards-incompats\" is not a valid GitHub commit ID"}
{"level":"info","ts":1584529756.3766701,"logger":"fallback-logger","caller":"git/git.go:103","msg":"Successfully cloned https://github.com/vicky-socs/environment-non-prod-cluster-staging.git @ master in path /workspace/source"}

Showing logs for build [32mvicky-socs-environment-non-prod-49qx6-1[0m stage [32mfrom-build-pack[0m and container [32mstep-git-merge[0m
Using SHAs from PULL_REFS=master:3447601f62c0b5b505af5306db40649f3c5d5981,1:8b77eed742e050287f36612c34e211eac0483614
DEBUG: LC_ALL=C JX_LOG_LEVEL=error git fetch origin --unshallow 8b77eed742e050287f36612c34e211eac0483614: 3447601f62c0b5b505af5306db40649f3c5d5981:
DEBUG: ran git fetch --unshallow origin 8b77eed742e050287f36612c34e211eac0483614: 3447601f62c0b5b505af5306db40649f3c5d5981: in 
DEBUG: JX_LOG_LEVEL=error LC_ALL=C git branch
DEBUG: LC_ALL=C JX_LOG_LEVEL=error git checkout master
DEBUG: ran git checkout master in 
DEBUG: JX_LOG_LEVEL=error LC_ALL=C git reset --hard 3447601f62c0b5b505af5306db40649f3c5d5981
DEBUG: ran git reset --hard 3447601f62c0b5b505af5306db40649f3c5d5981 in 
DEBUG: JX_LOG_LEVEL=error LC_ALL=C git clean -fd .
DEBUG: ran clean --force -d . in 
DEBUG: LC_ALL=C JX_LOG_LEVEL=error git merge 8b77eed742e050287f36612c34e211eac0483614
DEBUG: ran git merge 8b77eed742e050287f36612c34e211eac0483614 in 
DEBUG: LC_ALL=C JX_LOG_LEVEL=error git log --format=%H%x1f%an%x1f%ae%x1f%cn%x1f%ce%x1f%s%n%b%x1e 3447601f62c0b5b505af5306db40649f3c5d5981..HEAD
Merged SHA 8b77eed742e050287f36612c34e211eac0483614 with commit message 'chore: Promote test-python-jenkinsx to version 0.0.1' into base branch master

Showing logs for build [32mvicky-socs-environment-non-prod-49qx6-1[0m stage [32mfrom-build-pack[0m and container [32mstep-build-helm-build[0m
WARNING: No $CHART_REPOSITORY defined so using the default value of: http://jenkins-x-chartmuseum:8080
Adding missing Helm repo: storage.googleapis.com https://storage.googleapis.com/chartmuseum.jenkins-x.io
Successfully added Helm repository storage.googleapis.com.
Adding missing Helm repo: jenkins-x-chartmuseum http://jenkins-x-chartmuseum:8080
Successfully added Helm repository jenkins-x-chartmuseum.
WARNING: No $CHART_REPOSITORY defined so using the default value of: http://jenkins-x-chartmuseum:8080
Adding missing Helm repo: chartmuseum.jenkins-x.io http://chartmuseum.jenkins-x.io
Successfully added Helm repository chartmuseum.jenkins-x.io.
