
Showing logs for build [32mvicky-socs-environment-non-prod-4f5w2-1[0m stage [32mfrom-build-pack[0m and container [32mstep-credential-initializer-pl2n4[0m
{"level":"warn","ts":1584536164.1889665,"logger":"fallback-logger","caller":"logging/config.go:69","msg":"Fetch GitHub commit ID from kodata failed: \"ref: refs/heads/0.8.0-**-support-backwards-incompats\" is not a valid GitHub commit ID"}
{"level":"info","ts":1584536164.1900346,"logger":"fallback-logger","caller":"creds-init/main.go:40","msg":"Credentials initialized."}

Showing logs for build [32mvicky-socs-environment-non-prod-4f5w2-1[0m stage [32mfrom-build-pack[0m and container [32mstep-working-dir-initializer-x2mq5[0m
{"level":"warn","ts":1584536165.2514508,"logger":"fallback-logger","caller":"logging/config.go:69","msg":"Fetch GitHub commit ID from kodata failed: open /var/run/ko/HEAD: no such file or directory"}
{"level":"info","ts":1584536165.2529624,"logger":"fallback-logger","caller":"bash/main.go:64","msg":"Successfully executed command \"sh -c mkdir -p /workspace/source\"; output "}

Showing logs for build [32mvicky-socs-environment-non-prod-4f5w2-1[0m stage [32mfrom-build-pack[0m and container [32mstep-place-tools[0m

Showing logs for build [32mvicky-socs-environment-non-prod-4f5w2-1[0m stage [32mfrom-build-pack[0m and container [32mstep-git-source-vicky-socs-environment-non-prod-4f5w2-czp2n[0m
{"level":"warn","ts":1584536170.3656948,"logger":"fallback-logger","caller":"logging/config.go:69","msg":"Fetch GitHub commit ID from kodata failed: \"ref: refs/heads/0.8.0-**-support-backwards-incompats\" is not a valid GitHub commit ID"}
{"level":"info","ts":1584536172.4085102,"logger":"fallback-logger","caller":"git/git.go:103","msg":"Successfully cloned https://github.com/vicky-socs/environment-non-prod-cluster-staging.git @ master in path /workspace/source"}

Showing logs for build [32mvicky-socs-environment-non-prod-4f5w2-1[0m stage [32mfrom-build-pack[0m and container [32mstep-git-merge[0m
Using SHAs from PULL_REFS=master:3ddc0ec71c9887a5edebe44455e3399b0e96d285,8:3b08e0bfbbc5712ff63327a2680a5581206ad1d1
DEBUG: LC_ALL=C JX_LOG_LEVEL=error git fetch origin --unshallow 3b08e0bfbbc5712ff63327a2680a5581206ad1d1: 3ddc0ec71c9887a5edebe44455e3399b0e96d285:
DEBUG: ran git fetch --unshallow origin 3b08e0bfbbc5712ff63327a2680a5581206ad1d1: 3ddc0ec71c9887a5edebe44455e3399b0e96d285: in 
DEBUG: LC_ALL=C JX_LOG_LEVEL=error git branch
DEBUG: LC_ALL=C JX_LOG_LEVEL=error git checkout master
DEBUG: ran git checkout master in 
DEBUG: JX_LOG_LEVEL=error LC_ALL=C git reset --hard 3ddc0ec71c9887a5edebe44455e3399b0e96d285
DEBUG: ran git reset --hard 3ddc0ec71c9887a5edebe44455e3399b0e96d285 in 
DEBUG: LC_ALL=C JX_LOG_LEVEL=error git clean -fd .
DEBUG: ran clean --force -d . in 
DEBUG: LC_ALL=C JX_LOG_LEVEL=error git merge 3b08e0bfbbc5712ff63327a2680a5581206ad1d1
DEBUG: ran git merge 3b08e0bfbbc5712ff63327a2680a5581206ad1d1 in 
DEBUG: JX_LOG_LEVEL=error LC_ALL=C git log --format=%H%x1f%an%x1f%ae%x1f%cn%x1f%ce%x1f%s%n%b%x1e 3ddc0ec71c9887a5edebe44455e3399b0e96d285..HEAD
Merged SHA 3b08e0bfbbc5712ff63327a2680a5581206ad1d1 with commit message 'chore: Promote test-python-jenkinsx to version 0.0.8' into base branch master

Showing logs for build [32mvicky-socs-environment-non-prod-4f5w2-1[0m stage [32mfrom-build-pack[0m and container [32mstep-build-helm-build[0m
WARNING: No $CHART_REPOSITORY defined so using the default value of: http://jenkins-x-chartmuseum:8080
Adding missing Helm repo: storage.googleapis.com https://storage.googleapis.com/chartmuseum.jenkins-x.io
Successfully added Helm repository storage.googleapis.com.
Adding missing Helm repo: jenkins-x-chartmuseum http://jenkins-x-chartmuseum:8080
Successfully added Helm repository jenkins-x-chartmuseum.
WARNING: No $CHART_REPOSITORY defined so using the default value of: http://jenkins-x-chartmuseum:8080
Adding missing Helm repo: chartmuseum.jenkins-x.io http://chartmuseum.jenkins-x.io
Successfully added Helm repository chartmuseum.jenkins-x.io.
