
Showing logs for build [32mvicky-socs-environment-non-prod-xsw44-1[0m stage [32mfrom-build-pack[0m and container [32mstep-credential-initializer-qw2gs[0m
{"level":"warn","ts":1584536659.5281568,"logger":"fallback-logger","caller":"logging/config.go:69","msg":"Fetch GitHub commit ID from kodata failed: \"ref: refs/heads/0.8.0-**-support-backwards-incompats\" is not a valid GitHub commit ID"}
{"level":"info","ts":1584536659.529204,"logger":"fallback-logger","caller":"creds-init/main.go:40","msg":"Credentials initialized."}

Showing logs for build [32mvicky-socs-environment-non-prod-xsw44-1[0m stage [32mfrom-build-pack[0m and container [32mstep-working-dir-initializer-cclhg[0m
{"level":"warn","ts":1584536660.6442785,"logger":"fallback-logger","caller":"logging/config.go:69","msg":"Fetch GitHub commit ID from kodata failed: open /var/run/ko/HEAD: no such file or directory"}
{"level":"info","ts":1584536660.6479337,"logger":"fallback-logger","caller":"bash/main.go:64","msg":"Successfully executed command \"sh -c mkdir -p /workspace/source\"; output "}

Showing logs for build [32mvicky-socs-environment-non-prod-xsw44-1[0m stage [32mfrom-build-pack[0m and container [32mstep-place-tools[0m

Showing logs for build [32mvicky-socs-environment-non-prod-xsw44-1[0m stage [32mfrom-build-pack[0m and container [32mstep-git-source-vicky-socs-environment-non-prod-xsw44-59cjg[0m
{"level":"warn","ts":1584536665.8376844,"logger":"fallback-logger","caller":"logging/config.go:69","msg":"Fetch GitHub commit ID from kodata failed: \"ref: refs/heads/0.8.0-**-support-backwards-incompats\" is not a valid GitHub commit ID"}
{"level":"info","ts":1584536667.8512003,"logger":"fallback-logger","caller":"git/git.go:103","msg":"Successfully cloned https://github.com/vicky-socs/environment-non-prod-cluster-staging.git @ master in path /workspace/source"}

Showing logs for build [32mvicky-socs-environment-non-prod-xsw44-1[0m stage [32mfrom-build-pack[0m and container [32mstep-git-merge[0m
Using SHAs from PULL_REFS=master:c362281aaf00e83ddf0e7bbb61fbb6a3b9c1b708,10:662826e5889111e57e2ab76d68bd2411a77feeff
DEBUG: LC_ALL=C JX_LOG_LEVEL=error git fetch origin --unshallow 662826e5889111e57e2ab76d68bd2411a77feeff: c362281aaf00e83ddf0e7bbb61fbb6a3b9c1b708:
DEBUG: ran git fetch --unshallow origin 662826e5889111e57e2ab76d68bd2411a77feeff: c362281aaf00e83ddf0e7bbb61fbb6a3b9c1b708: in 
DEBUG: LC_ALL=C JX_LOG_LEVEL=error git branch
DEBUG: LC_ALL=C JX_LOG_LEVEL=error git checkout master
DEBUG: ran git checkout master in 
DEBUG: LC_ALL=C JX_LOG_LEVEL=error git reset --hard c362281aaf00e83ddf0e7bbb61fbb6a3b9c1b708
DEBUG: ran git reset --hard c362281aaf00e83ddf0e7bbb61fbb6a3b9c1b708 in 
DEBUG: LC_ALL=C JX_LOG_LEVEL=error git clean -fd .
DEBUG: ran clean --force -d . in 
DEBUG: LC_ALL=C JX_LOG_LEVEL=error git merge 662826e5889111e57e2ab76d68bd2411a77feeff
DEBUG: ran git merge 662826e5889111e57e2ab76d68bd2411a77feeff in 
DEBUG: LC_ALL=C JX_LOG_LEVEL=error git log --format=%H%x1f%an%x1f%ae%x1f%cn%x1f%ce%x1f%s%n%b%x1e c362281aaf00e83ddf0e7bbb61fbb6a3b9c1b708..HEAD
Merged SHA 662826e5889111e57e2ab76d68bd2411a77feeff with commit message 'chore: Promote test-python-jenkinsx to version 0.0.10' into base branch master

Showing logs for build [32mvicky-socs-environment-non-prod-xsw44-1[0m stage [32mfrom-build-pack[0m and container [32mstep-build-helm-build[0m
WARNING: No $CHART_REPOSITORY defined so using the default value of: http://jenkins-x-chartmuseum:8080
Adding missing Helm repo: storage.googleapis.com https://storage.googleapis.com/chartmuseum.jenkins-x.io
Successfully added Helm repository storage.googleapis.com.
Adding missing Helm repo: jenkins-x-chartmuseum http://jenkins-x-chartmuseum:8080
Successfully added Helm repository jenkins-x-chartmuseum.
WARNING: No $CHART_REPOSITORY defined so using the default value of: http://jenkins-x-chartmuseum:8080
Adding missing Helm repo: chartmuseum.jenkins-x.io http://chartmuseum.jenkins-x.io
Successfully added Helm repository chartmuseum.jenkins-x.io.
