
Showing logs for build [32mvicky-socs-environment-non-prod-nwr7r-1[0m stage [32mfrom-build-pack[0m and container [32mstep-credential-initializer-qcrz9[0m
{"level":"warn","ts":1584535509.9858782,"logger":"fallback-logger","caller":"logging/config.go:69","msg":"Fetch GitHub commit ID from kodata failed: \"ref: refs/heads/0.8.0-**-support-backwards-incompats\" is not a valid GitHub commit ID"}
{"level":"info","ts":1584535509.9861546,"logger":"fallback-logger","caller":"creds-init/main.go:40","msg":"Credentials initialized."}

Showing logs for build [32mvicky-socs-environment-non-prod-nwr7r-1[0m stage [32mfrom-build-pack[0m and container [32mstep-working-dir-initializer-bd4kx[0m
{"level":"warn","ts":1584535511.052166,"logger":"fallback-logger","caller":"logging/config.go:69","msg":"Fetch GitHub commit ID from kodata failed: open /var/run/ko/HEAD: no such file or directory"}
{"level":"info","ts":1584535511.0535548,"logger":"fallback-logger","caller":"bash/main.go:64","msg":"Successfully executed command \"sh -c mkdir -p /workspace/source\"; output "}

Showing logs for build [32mvicky-socs-environment-non-prod-nwr7r-1[0m stage [32mfrom-build-pack[0m and container [32mstep-place-tools[0m

Showing logs for build [32mvicky-socs-environment-non-prod-nwr7r-1[0m stage [32mfrom-build-pack[0m and container [32mstep-git-source-vicky-socs-environment-non-prod-nwr7r-kc22q[0m
{"level":"warn","ts":1584535516.1599615,"logger":"fallback-logger","caller":"logging/config.go:69","msg":"Fetch GitHub commit ID from kodata failed: \"ref: refs/heads/0.8.0-**-support-backwards-incompats\" is not a valid GitHub commit ID"}
{"level":"info","ts":1584535518.124707,"logger":"fallback-logger","caller":"git/git.go:103","msg":"Successfully cloned https://github.com/vicky-socs/environment-non-prod-cluster-staging.git @ master in path /workspace/source"}

Showing logs for build [32mvicky-socs-environment-non-prod-nwr7r-1[0m stage [32mfrom-build-pack[0m and container [32mstep-git-merge[0m
Using SHAs from PULL_REFS=master:e4b46a8d1c959d4c80437e4a67fc14c5c55159d4,7:8f50dbc88588dbcb4cbaf61fa5768b93bd23fae4
DEBUG: LC_ALL=C JX_LOG_LEVEL=error git fetch origin --unshallow 8f50dbc88588dbcb4cbaf61fa5768b93bd23fae4: e4b46a8d1c959d4c80437e4a67fc14c5c55159d4:
DEBUG: ran git fetch --unshallow origin 8f50dbc88588dbcb4cbaf61fa5768b93bd23fae4: e4b46a8d1c959d4c80437e4a67fc14c5c55159d4: in 
DEBUG: LC_ALL=C JX_LOG_LEVEL=error git branch
DEBUG: JX_LOG_LEVEL=error LC_ALL=C git checkout master
DEBUG: ran git checkout master in 
DEBUG: LC_ALL=C JX_LOG_LEVEL=error git reset --hard e4b46a8d1c959d4c80437e4a67fc14c5c55159d4
DEBUG: ran git reset --hard e4b46a8d1c959d4c80437e4a67fc14c5c55159d4 in 
DEBUG: LC_ALL=C JX_LOG_LEVEL=error git clean -fd .
DEBUG: ran clean --force -d . in 
DEBUG: LC_ALL=C JX_LOG_LEVEL=error git merge 8f50dbc88588dbcb4cbaf61fa5768b93bd23fae4
DEBUG: ran git merge 8f50dbc88588dbcb4cbaf61fa5768b93bd23fae4 in 
DEBUG: LC_ALL=C JX_LOG_LEVEL=error git log --format=%H%x1f%an%x1f%ae%x1f%cn%x1f%ce%x1f%s%n%b%x1e e4b46a8d1c959d4c80437e4a67fc14c5c55159d4..HEAD
Merged SHA 8f50dbc88588dbcb4cbaf61fa5768b93bd23fae4 with commit message 'chore: Promote test-python-jenkinsx to version 0.0.7' into base branch master

Showing logs for build [32mvicky-socs-environment-non-prod-nwr7r-1[0m stage [32mfrom-build-pack[0m and container [32mstep-build-helm-build[0m
WARNING: No $CHART_REPOSITORY defined so using the default value of: http://jenkins-x-chartmuseum:8080
Adding missing Helm repo: storage.googleapis.com https://storage.googleapis.com/chartmuseum.jenkins-x.io
Successfully added Helm repository storage.googleapis.com.
Adding missing Helm repo: jenkins-x-chartmuseum http://jenkins-x-chartmuseum:8080
Successfully added Helm repository jenkins-x-chartmuseum.
WARNING: No $CHART_REPOSITORY defined so using the default value of: http://jenkins-x-chartmuseum:8080
Adding missing Helm repo: chartmuseum.jenkins-x.io http://chartmuseum.jenkins-x.io
Successfully added Helm repository chartmuseum.jenkins-x.io.
